[debug] [2020-04-16T22:38:29.237Z] ----------------------------------------------------------------------
[debug] [2020-04-16T22:38:29.239Z] Command:       C:\Program Files\nodejs\node.exe C:\Users\Zozo\AppData\Roaming\npm\node_modules\firebase-tools\lib\bin\firebase.js deploy --only functions
[debug] [2020-04-16T22:38:29.240Z] CLI Version:   7.15.0
[debug] [2020-04-16T22:38:29.240Z] Platform:      win32
[debug] [2020-04-16T22:38:29.240Z] Node Version:  v10.15.3
[debug] [2020-04-16T22:38:29.241Z] Time:          Fri Apr 17 2020 00:38:29 GMT+0200 (Central Africa Time)
[debug] [2020-04-16T22:38:29.241Z] ----------------------------------------------------------------------
[debug] [2020-04-16T22:38:29.241Z] 
[debug] [2020-04-16T22:38:29.249Z] > command requires scopes: ["email","openid","https://www.googleapis.com/auth/cloudplatformprojects.readonly","https://www.googleapis.com/auth/firebase","https://www.googleapis.com/auth/cloud-platform"]
[debug] [2020-04-16T22:38:29.250Z] > authorizing via signed-in user
[debug] [2020-04-16T22:38:29.250Z] [iam] checking project covid-info-bw for permissions ["cloudfunctions.functions.create","cloudfunctions.functions.delete","cloudfunctions.functions.get","cloudfunctions.functions.list","cloudfunctions.functions.update","cloudfunctions.operations.get","firebase.projects.get"]
[debug] [2020-04-16T22:38:29.252Z] >>> HTTP REQUEST POST https://cloudresourcemanager.googleapis.com/v1/projects/covid-info-bw:testIamPermissions  

[debug] [2020-04-16T22:38:42.006Z] <<< HTTP RESPONSE 200
[info] 
[info] === Deploying to 'covid-info-bw'...
[info] 
[info] i  deploying functions
[info] Running command: npm --prefix "%RESOURCE_DIR%" run lint
[info] +  functions: Finished running predeploy script.
[debug] [2020-04-16T22:39:37.092Z] > [functions] package.json contents: {
  "name": "functions",
  "description": "Cloud Functions for Firebase",
  "scripts": {
    "lint": "eslint .",
    "serve": "firebase emulators:start --only functions",
    "shell": "firebase functions:shell",
    "start": "npm run shell",
    "deploy": "firebase deploy --only functions",
    "logs": "firebase functions:log"
  },
  "engines": {
    "node": "8"
  },
  "dependencies": {
    "@google-cloud/firestore": "^3.7.4",
    "firebase-admin": "^8.6.0",
    "firebase-functions": "^3.3.0",
    "request-promise": "^4.2.5"
  },
  "devDependencies": {
    "eslint": "^5.12.0",
    "eslint-plugin-promise": "^4.0.1",
    "firebase-functions-test": "^0.1.6"
  },
  "private": true
}
[info] i  functions: ensuring necessary APIs are enabled...
[debug] [2020-04-16T22:39:37.094Z] >>> HTTP REQUEST GET https://serviceusage.googleapis.com/v1/projects/covid-info-bw/services/cloudfunctions.googleapis.com  
 
[debug] [2020-04-16T22:39:37.095Z] >>> HTTP REQUEST GET https://serviceusage.googleapis.com/v1/projects/covid-info-bw/services/runtimeconfig.googleapis.com  
 
